<?xml version="1.0" encoding="UTF-8"?>
<testsuite name="utn.methodology.ApplicationTest" tests="1" skipped="0" failures="1" errors="0" timestamp="2024-10-28T23:09:28" hostname="DESKTOP-CO09MFH" time="3.844">
  <properties/>
  <testcase name="testRoot" classname="utn.methodology.ApplicationTest" time="3.844">
    <failure message="io.ktor.server.engine.internal.ReloadingException: Module function cannot be found for the fully qualified name 'utn.methodology.ApplicationKt.module'" type="io.ktor.server.engine.internal.ReloadingException">io.ktor.server.engine.internal.ReloadingException: Module function cannot be found for the fully qualified name 'utn.methodology.ApplicationKt.module'
	at app//io.ktor.server.engine.internal.CallableUtilsKt.executeModuleFunction(CallableUtils.kt:59)
	at app//io.ktor.server.engine.ApplicationEngineEnvironmentReloading$launchModuleByName$1.invoke(ApplicationEngineEnvironmentReloading.kt:332)
	at app//io.ktor.server.engine.ApplicationEngineEnvironmentReloading$launchModuleByName$1.invoke(ApplicationEngineEnvironmentReloading.kt:331)
	at app//io.ktor.server.engine.ApplicationEngineEnvironmentReloading.avoidingDoubleStartupFor(ApplicationEngineEnvironmentReloading.kt:356)
	at app//io.ktor.server.engine.ApplicationEngineEnvironmentReloading.launchModuleByName(ApplicationEngineEnvironmentReloading.kt:331)
	at app//io.ktor.server.engine.ApplicationEngineEnvironmentReloading.access$launchModuleByName(ApplicationEngineEnvironmentReloading.kt:32)
	at app//io.ktor.server.engine.ApplicationEngineEnvironmentReloading$instantiateAndConfigureApplication$1.invoke(ApplicationEngineEnvironmentReloading.kt:312)
	at app//io.ktor.server.engine.ApplicationEngineEnvironmentReloading$instantiateAndConfigureApplication$1.invoke(ApplicationEngineEnvironmentReloading.kt:310)
	at app//io.ktor.server.engine.ApplicationEngineEnvironmentReloading.avoidingDoubleStartup(ApplicationEngineEnvironmentReloading.kt:338)
	at app//io.ktor.server.engine.ApplicationEngineEnvironmentReloading.instantiateAndConfigureApplication(ApplicationEngineEnvironmentReloading.kt:310)
	at app//io.ktor.server.engine.ApplicationEngineEnvironmentReloading.createApplication(ApplicationEngineEnvironmentReloading.kt:150)
	at app//io.ktor.server.engine.ApplicationEngineEnvironmentReloading.start(ApplicationEngineEnvironmentReloading.kt:277)
	at app//io.ktor.server.testing.TestApplicationEngine.start(TestApplicationEngine.kt:145)
	at app//io.ktor.server.engine.ApplicationEngine$DefaultImpls.start$default(ApplicationEngine.kt:78)
	at app//io.ktor.server.testing.client.TestHttpClientEngine.execute(TestHttpClientEngine.kt:46)
	at app//io.ktor.server.testing.client.DelegatingTestClientEngine.execute(DelegatingTestClientEngine.kt:53)
	at app//io.ktor.client.engine.HttpClientEngine$executeWithinCallContext$2.invokeSuspend(HttpClientEngine.kt:99)
	at _COROUTINE._BOUNDARY._(CoroutineDebugging.kt:46)
	at io.ktor.client.engine.HttpClientEngine$DefaultImpls.executeWithinCallContext(HttpClientEngine.kt:100)
	at io.ktor.client.engine.HttpClientEngine$install$1.invokeSuspend(HttpClientEngine.kt:70)
	at io.ktor.client.plugins.HttpSend$DefaultSender.execute(HttpSend.kt:138)
	at io.ktor.client.plugins.HttpRedirect$Plugin$install$1.invokeSuspend(HttpRedirect.kt:64)
	at io.ktor.client.plugins.HttpCallValidator$Companion$install$3.invokeSuspend(HttpCallValidator.kt:151)
	at io.ktor.client.plugins.HttpSend$Plugin$install$1.invokeSuspend(HttpSend.kt:104)
	at io.ktor.client.plugins.HttpCallValidator$Companion$install$1.invokeSuspend(HttpCallValidator.kt:130)
	at io.ktor.client.plugins.HttpRequestLifecycle$Plugin$install$1.invokeSuspend(HttpRequestLifecycle.kt:38)
	at io.ktor.client.HttpClient.execute$ktor_client_core(HttpClient.kt:191)
	at io.ktor.client.statement.HttpStatement.executeUnsafe(HttpStatement.kt:108)
	at io.ktor.client.statement.HttpStatement.execute(HttpStatement.kt:47)
	at utn.methodology.ApplicationTest$testRoot$1.invokeSuspend(ApplicationTest.kt:27)
	at io.ktor.server.testing.TestApplicationKt$testApplication$builder$1$1.invokeSuspend(TestApplication.kt:335)
Caused by: io.ktor.server.engine.internal.ReloadingException: Module function cannot be found for the fully qualified name 'utn.methodology.ApplicationKt.module'
	at app//io.ktor.server.engine.internal.CallableUtilsKt.executeModuleFunction(CallableUtils.kt:59)
	at app//io.ktor.server.engine.ApplicationEngineEnvironmentReloading$launchModuleByName$1.invoke(ApplicationEngineEnvironmentReloading.kt:332)
	at app//io.ktor.server.engine.ApplicationEngineEnvironmentReloading$launchModuleByName$1.invoke(ApplicationEngineEnvironmentReloading.kt:331)
	at app//io.ktor.server.engine.ApplicationEngineEnvironmentReloading.avoidingDoubleStartupFor(ApplicationEngineEnvironmentReloading.kt:356)
	at app//io.ktor.server.engine.ApplicationEngineEnvironmentReloading.launchModuleByName(ApplicationEngineEnvironmentReloading.kt:331)
	at app//io.ktor.server.engine.ApplicationEngineEnvironmentReloading.access$launchModuleByName(ApplicationEngineEnvironmentReloading.kt:32)
	at app//io.ktor.server.engine.ApplicationEngineEnvironmentReloading$instantiateAndConfigureApplication$1.invoke(ApplicationEngineEnvironmentReloading.kt:312)
	at app//io.ktor.server.engine.ApplicationEngineEnvironmentReloading$instantiateAndConfigureApplication$1.invoke(ApplicationEngineEnvironmentReloading.kt:310)
	at app//io.ktor.server.engine.ApplicationEngineEnvironmentReloading.avoidingDoubleStartup(ApplicationEngineEnvironmentReloading.kt:338)
	at app//io.ktor.server.engine.ApplicationEngineEnvironmentReloading.instantiateAndConfigureApplication(ApplicationEngineEnvironmentReloading.kt:310)
	at app//io.ktor.server.engine.ApplicationEngineEnvironmentReloading.createApplication(ApplicationEngineEnvironmentReloading.kt:150)
	at app//io.ktor.server.engine.ApplicationEngineEnvironmentReloading.start(ApplicationEngineEnvironmentReloading.kt:277)
	at app//io.ktor.server.testing.TestApplicationEngine.start(TestApplicationEngine.kt:145)
	at app//io.ktor.server.engine.ApplicationEngine$DefaultImpls.start$default(ApplicationEngine.kt:78)
	at app//io.ktor.server.testing.client.TestHttpClientEngine.execute(TestHttpClientEngine.kt:46)
	at app//io.ktor.server.testing.client.DelegatingTestClientEngine.execute(DelegatingTestClientEngine.kt:53)
	at app//io.ktor.client.engine.HttpClientEngine$executeWithinCallContext$2.invokeSuspend(HttpClientEngine.kt:99)
	at app//kotlin.coroutines.jvm.internal.BaseContinuationImpl.resumeWith(ContinuationImpl.kt:33)
	at app//kotlinx.coroutines.DispatchedTask.run(DispatchedTask.kt:106)
	at app//kotlinx.coroutines.internal.LimitedDispatcher$Worker.run(LimitedDispatcher.kt:115)
	at app//kotlinx.coroutines.scheduling.TaskImpl.run(Tasks.kt:100)
	at app//kotlinx.coroutines.scheduling.CoroutineScheduler.runSafely(CoroutineScheduler.kt:584)
	at app//kotlinx.coroutines.scheduling.CoroutineScheduler$Worker.executeTask(CoroutineScheduler.kt:793)
	at app//kotlinx.coroutines.scheduling.CoroutineScheduler$Worker.runWorker(CoroutineScheduler.kt:697)
	at app//kotlinx.coroutines.scheduling.CoroutineScheduler$Worker.run(CoroutineScheduler.kt:684)
</failure>
  </testcase>
  <system-out><![CDATA[2024-10-28 20:09:32.321 [Test worker @coroutine#1] TRACE i.ktor.client.plugins.HttpPlainText - Adding Accept-Charset=UTF-8 to http:///
2024-10-28 20:09:32.604 [DefaultDispatcher-worker-1 @call-context#2] INFO  ktor.test - No ktor.deployment.watch patterns specified, automatic reload is not active.
2024-10-28 20:09:32.698 [Test worker @coroutine#1] TRACE i.k.client.plugins.HttpCallValidator - Processing exception io.ktor.server.engine.internal.ReloadingException: Module function cannot be found for the fully qualified name 'utn.methodology.ApplicationKt.module' for request http://localhost/
]]></system-out>
  <system-err><![CDATA[]]></system-err>
</testsuite>
